  speechManager.cpp
C:\Users\PC\Desktop\C\code1\C_code\Speech_contest_management_system_STL_case\Speech_contest_management_system_STL_case\speechManager.cpp(63,20): warning C4018: “<”: 有符号/无符号不匹配
D:\Program Files (x86)\Microsoft Visual Studio\2019\Community\VC\Tools\MSVC\14.29.30133\include\numeric(34,26): warning C4244: “=”: 从“double”转换到“_Ty”，可能丢失数据
          with
          [
              _Ty=float
          ]
D:\Program Files (x86)\Microsoft Visual Studio\2019\Community\VC\Tools\MSVC\14.29.30133\include\numeric(43): message : 查看对正在编译的函数 模板 实例化“_Ty std::accumulate<_InIt,_Ty,std::plus<void>>(const _InIt,const _InIt,_Ty,_Fn)”的引用
          with
          [
              _Ty=float,
              _InIt=std::_Deque_iterator<std::_Deque_val<std::_Deque_simple_types<double>>>,
              _Fn=std::plus<void>
          ]
C:\Users\PC\Desktop\C\code1\C_code\Speech_contest_management_system_STL_case\Speech_contest_management_system_STL_case\speechManager.cpp(198): message : 查看对正在编译的函数 模板 实例化“_Ty std::accumulate<std::_Deque_iterator<std::_Deque_val<std::_Deque_simple_types<double>>>,float>(const _InIt,const _InIt,_Ty)”的引用
          with
          [
              _Ty=float,
              _InIt=std::_Deque_iterator<std::_Deque_val<std::_Deque_simple_types<double>>>
          ]
  Speech_contest_management_system_STL_case.vcxproj -> C:\Users\PC\Desktop\C\code1\C_code\Speech_contest_management_system_STL_case\Debug\Speech_contest_management_system_STL_case.exe
